2019-11-05 21:52:56 [scrapy.utils.log] INFO: Scrapy 1.6.0 started (bot: scrapys)
2019-11-05 21:52:56 [scrapy.utils.log] INFO: Versions: lxml 4.3.2.0, libxml2 2.9.9, cssselect 1.0.3, parsel 1.5.1, w3lib 1.20.0, Twisted 19.2.0, Python 3.7.3 (default, Mar 28 2019, 10:38:38) [MSC v.1915 32 bit (Intel)], pyOpenSSL 19.0.0 (OpenSSL 1.1.1b  26 Feb 2019), cryptography 2.6.1, Platform Windows-7-6.1.7601-SP1
2019-11-05 21:52:56 [scrapy.crawler] INFO: Overridden settings: {'BOT_NAME': 'scrapys', 'DOWNLOAD_DELAY': 3, 'FEED_EXPORT_ENCODING': 'utf-8', 'LOG_FILE': '../log/baidu.log', 'NEWSPIDER_MODULE': 'scrapys.spiders', 'SPIDER_MODULES': ['scrapys.spiders'], 'USER_AGENT': 'Mozilla/5.0 (Windows NT 6.1; Win64; x64) AppleWebKit/537.36 (KHTML, like Gecko) Chrome/73.0.3683.75 Safari/537.36'}
2019-11-05 21:52:56 [scrapy.extensions.telnet] INFO: Telnet Password: 5d6bdb7c0345d3d7
2019-11-05 21:52:56 [scrapy.middleware] INFO: Enabled extensions:
['scrapy.extensions.corestats.CoreStats',
 'scrapy.extensions.telnet.TelnetConsole',
 'scrapy.extensions.logstats.LogStats']
2019-11-05 21:52:57 [scrapy.middleware] INFO: Enabled downloader middlewares:
['scrapy.downloadermiddlewares.httpauth.HttpAuthMiddleware',
 'scrapy.downloadermiddlewares.downloadtimeout.DownloadTimeoutMiddleware',
 'scrapy.downloadermiddlewares.defaultheaders.DefaultHeadersMiddleware',
 'scrapy.downloadermiddlewares.useragent.UserAgentMiddleware',
 'scrapys.middlewares.ProxyMiddleware',
 'scrapys.middlewares.UserAgentMiddleware',
 'scrapy.downloadermiddlewares.retry.RetryMiddleware',
 'scrapy.downloadermiddlewares.redirect.MetaRefreshMiddleware',
 'scrapy.downloadermiddlewares.httpcompression.HttpCompressionMiddleware',
 'scrapy.downloadermiddlewares.redirect.RedirectMiddleware',
 'scrapy.downloadermiddlewares.cookies.CookiesMiddleware',
 'scrapy.downloadermiddlewares.httpproxy.HttpProxyMiddleware',
 'scrapy.downloadermiddlewares.stats.DownloaderStats']
2019-11-05 21:52:57 [scrapy.middleware] INFO: Enabled spider middlewares:
['scrapy.spidermiddlewares.httperror.HttpErrorMiddleware',
 'scrapy.spidermiddlewares.offsite.OffsiteMiddleware',
 'scrapy.spidermiddlewares.referer.RefererMiddleware',
 'scrapy.spidermiddlewares.urllength.UrlLengthMiddleware',
 'scrapy.spidermiddlewares.depth.DepthMiddleware']
2019-11-05 21:52:57 [scrapy.middleware] INFO: Enabled item pipelines:
['scrapys.pipelines.ScrapysPipeline', 'scrapys.pipelines.MysqlPipeline']
2019-11-05 21:52:57 [scrapy.core.engine] INFO: Spider opened
2019-11-05 21:52:57 [baidu] INFO: open_spider: ===============成功链接数据库
2019-11-05 21:52:57 [scrapy.extensions.logstats] INFO: Crawled 0 pages (at 0 pages/min), scraped 0 items (at 0 items/min)
2019-11-05 21:52:57 [scrapy.extensions.telnet] INFO: Telnet console listening on 127.0.0.1:6023
2019-11-05 21:52:58 [scrapy.downloadermiddlewares.retry] DEBUG: Retrying <GET https://www.baidu.com/> (failed 1 times): Connection was refused by other side: 10061: 由于目标计算机积极拒绝，无法连接。.
2019-11-05 21:53:05 [scrapy.core.engine] DEBUG: Crawled (200) <GET https://www.baidu.com/> (referer: None)
2019-11-05 21:53:05 [scrapy.core.scraper] DEBUG: Scraped from <200 https://www.baidu.com/>
{'a': '手写', 'b': ['拼音'], 'c': '百度一下', 'name': '百度一下'}
2019-11-05 21:53:05 [scrapy.core.engine] INFO: Closing spider (finished)
2019-11-05 21:53:05 [baidu] INFO: open_spider: ==============成功关闭数据库
2019-11-05 21:53:05 [scrapy.statscollectors] INFO: Dumping Scrapy stats:
{'downloader/exception_count': 1,
 'downloader/exception_type_count/twisted.internet.error.ConnectionRefusedError': 1,
 'downloader/request_bytes': 571,
 'downloader/request_count': 2,
 'downloader/request_method_count/GET': 2,
 'downloader/response_bytes': 42578,
 'downloader/response_count': 1,
 'downloader/response_status_count/200': 1,
 'finish_reason': 'finished',
 'finish_time': datetime.datetime(2019, 11, 5, 13, 53, 5, 190747),
 'item_scraped_count': 1,
 'log_count/DEBUG': 3,
 'log_count/INFO': 11,
 'response_received_count': 1,
 'retry/count': 1,
 'retry/reason_count/twisted.internet.error.ConnectionRefusedError': 1,
 'scheduler/dequeued': 2,
 'scheduler/dequeued/memory': 2,
 'scheduler/enqueued': 2,
 'scheduler/enqueued/memory': 2,
 'start_time': datetime.datetime(2019, 11, 5, 13, 52, 57, 323126)}
2019-11-05 21:53:05 [scrapy.core.engine] INFO: Spider closed (finished)
